// 重构日志: 0d34788a
// 重构日志: 56d1098c
// 重构日志: 4f3d469a
// 重构日志: eb6129aa
// 同步 ID: 5d61e038 @ Sat May 30 07:55:54 UTC 2026
// 同步 ID: e6812d39 @ Sun May 31 09:15:09 UTC 2026
// 同步 ID: 03303574 @ Fri Jun  5 12:27:10 UTC 2026
// 同步 ID: 4dd16c5f @ Sat Jun  6 00:49:58 UTC 2026
// 同步 ID: 0a7bb3ff @ Wed Jun 10 13:38:18 UTC 2026
// 重构日志: 5e788b6b
// 重构日志: 61e51031
// 同步 ID: 26cadb40 @ Mon Jun 15 18:12:15 UTC 2026
// 同步 ID: 21c49b6e @ Tue Jun 16 05:41:45 UTC 2026
// 同步 ID: 0e2ba7ec @ Wed Jun 17 22:02:02 UTC 2026
// 重构日志: 73f568c8
// 同步 ID: a424fa0c @ Fri Jun 19 12:27:15 UTC 2026
// 同步 ID: 6fe263b4 @ Fri Jun 19 21:57:55 UTC 2026
// 重构日志: 142d14bd
// 重构日志: 7952d0e5
// 同步 ID: c4a2f076 @ Sun Jun 21 16:40:10 UTC 2026
// 重构日志: 3bfef94c
// 重构日志: fc6f11c6
// 重构日志: 6b81c2c6
// 重构日志: 7e05dd83
// 同步 ID: 74ac3d86 @ Wed Jun 24 17:25:55 UTC 2026
// 重构日志: 7d56f309
// 同步 ID: 8a114fbf @ Thu Jun 25 21:15:22 UTC 2026
// 重构日志: 6928407b
// 重构日志: 83d8f6fe
// 重构日志: 1dcf278b
